<component name="libraryTable">
  <library name="junit">
    <CLASSES>
      <root url="file://$USER_HOME$/Documents/%JUNIT_HOME/junit" />
    </CLASSES>
    <JAVADOC />
    <SOURCES />
  </library>
</component>